#
# A fatal error has been detected by the Java Runtime Environment:
#
#  Internal Error (javaClasses.cpp:129), pid=12973, tid=140601775855360
#  fatal error: Invalid layout of preloaded class
#
# JRE version: 7.0_21-b02
# Java VM: OpenJDK 64-Bit Server VM (23.7-b01 mixed mode linux-amd64 compressed oops)
# Failed to write core dump. Core dumps have been disabled. To enable core dumping, try "ulimit -c unlimited" before starting Java again
#
# If you would like to submit a bug report, please include
# instructions on how to reproduce the bug and visit:
#   https://bugs.launchpad.net/ubuntu/+source/openjdk-7/
#

---------------  T H R E A D  ---------------

Current thread (0x00007fe060009000):  JavaThread "Unknown thread" [_thread_in_vm, id=12975, stack(0x00007fe066d79000,0x00007fe066e7a000)]

Stack: [0x00007fe066d79000,0x00007fe066e7a000],  sp=0x00007fe066e78930,  free space=1022k
Native frames: (J=compiled Java code, j=interpreted, Vv=VM code, C=native code)
V  [libjvm.so+0x83de79]  VMError::report_and_die()+0x169
V  [libjvm.so+0x3e88d3]  report_fatal(char const*, int, char const*)+0x53
V  [libjvm.so+0x51e583]  compute_offset(int&, klassOopDesc*, Symbol*, Symbol*, bool)+0x123
V  [libjvm.so+0x51e809]  java_lang_String::compute_offsets()+0x39
V  [libjvm.so+0x7cd00d]  SystemDictionary::initialize_preloaded_classes(Thread*)+0x3d
V  [libjvm.so+0x81a333]  Universe::genesis(Thread*)+0x443
V  [libjvm.so+0x81a7e2]  universe2_init()+0x32
V  [libjvm.so+0x4d23ca]  init_globals()+0x9a
V  [libjvm.so+0x8005bc]  Threads::create_vm(JavaVMInitArgs*, bool*)+0x39c
V  [libjvm.so+0x53c1ba]  JNI_CreateJavaVM+0x5a
C  [libjli.so+0x2a17]  __strcat_chk+0x2a17


---------------  P R O C E S S  ---------------

Java Threads: ( => current thread )

Other Threads:

=>0x00007fe060009000 (exited) JavaThread "Unknown thread" [_thread_in_vm, id=12975, stack(0x00007fe066d79000,0x00007fe066e7a000)]

VM state:not at safepoint (not fully initialized)

VM Mutex/Monitor currently owned by a thread: None

GC Heap History (0 events):
No events

Deoptimization events (0 events):
No events

Internal exceptions (0 events):
No events

Events (10 events):
Event: 0.012 loading class 0x00007fe060027220 done
Event: 0.013 loading class 0x00007fe060026ac0 done
Event: 0.013 loading class 0x00007fe060026a90
Event: 0.013 loading class 0x00007fe060050100
Event: 0.013 loading class 0x00007fe060050100 done
Event: 0.013 loading class 0x00007fe060050140
Event: 0.013 loading class 0x00007fe060050140 done
Event: 0.013 loading class 0x00007fe060050180
Event: 0.013 loading class 0x00007fe060050180 done
Event: 0.013 loading class 0x00007fe060026a90 done


Dynamic libraries:
00400000-00401000 r-xp 00000000 08:05 1707779                            /usr/lib/jvm/java-7-openjdk-amd64/jre/bin/java
00600000-00601000 r--p 00000000 08:05 1707779                            /usr/lib/jvm/java-7-openjdk-amd64/jre/bin/java
00601000-00602000 rw-p 00001000 08:05 1707779                            /usr/lib/jvm/java-7-openjdk-amd64/jre/bin/java
016b7000-016d8000 rw-p 00000000 00:00 0                                  [heap]
bbc00000-bd0c0000 rw-p 00000000 00:00 0 
bd0c0000-c6200000 rw-p 00000000 00:00 0 
c6200000-c8890000 rw-p 00000000 00:00 0 
c8890000-ecb60000 rw-p 00000000 00:00 0 
ecb60000-edea0000 rw-p 00000000 00:00 0 
edea0000-100000000 rw-p 00000000 00:00 0 
7fe04c000000-7fe04c021000 rw-p 00000000 00:00 0 
7fe04c021000-7fe050000000 ---p 00000000 00:00 0 
7fe054000000-7fe054021000 rw-p 00000000 00:00 0 
7fe054021000-7fe058000000 ---p 00000000 00:00 0 
7fe059800000-7fe059a20000 rw-p 00000000 00:00 0 
7fe059a20000-7fe059a96000 r--s 00902000 08:05 3946722                    /home/dori/eclipse/android-sdk-linux/platforms/android-10/android.jar
7fe059a96000-7fe05c566000 rw-p 00000000 00:00 0 
7fe05c566000-7fe05c567000 ---p 00000000 00:00 0 
7fe05c567000-7fe05c667000 rw-p 00000000 00:00 0 
7fe05c667000-7fe05c668000 ---p 00000000 00:00 0 
7fe05c668000-7fe05c773000 rw-p 00000000 00:00 0 
7fe05c773000-7fe05c7bb000 rw-p 00000000 00:00 0 
7fe05c7bb000-7fe05c7c6000 rw-p 00000000 00:00 0 
7fe05c7c6000-7fe05c80e000 rw-p 00000000 00:00 0 
7fe05c80e000-7fe05c822000 rw-p 00000000 00:00 0 
7fe05c822000-7fe05c942000 rw-p 00000000 00:00 0 
7fe05c942000-7fe05c94d000 rw-p 00000000 00:00 0 
7fe05c94d000-7fe05c9dd000 rw-p 00000000 00:00 0 
7fe05c9dd000-7fe05c9de000 rw-p 00000000 00:00 0 
7fe05c9de000-7fe05cc4e000 rwxp 00000000 00:00 0 
7fe05cc4e000-7fe05f9de000 rw-p 00000000 00:00 0 
7fe05f9de000-7fe05f9e6000 r-xp 00000000 08:05 1706820                    /usr/lib/jvm/java-7-openjdk-amd64/jre/lib/amd64/libzip.so
7fe05f9e6000-7fe05fbe5000 ---p 00008000 08:05 1706820                    /usr/lib/jvm/java-7-openjdk-amd64/jre/lib/amd64/libzip.so
7fe05fbe5000-7fe05fbe6000 r--p 00007000 08:05 1706820                    /usr/lib/jvm/java-7-openjdk-amd64/jre/lib/amd64/libzip.so
7fe05fbe6000-7fe05fbe7000 rw-p 00008000 08:05 1706820                    /usr/lib/jvm/java-7-openjdk-amd64/jre/lib/amd64/libzip.so
7fe05fbe7000-7fe05fbf3000 r-xp 00000000 08:05 666935                     /lib/x86_64-linux-gnu/libnss_files-2.15.so
7fe05fbf3000-7fe05fdf2000 ---p 0000c000 08:05 666935                     /lib/x86_64-linux-gnu/libnss_files-2.15.so
7fe05fdf2000-7fe05fdf3000 r--p 0000b000 08:05 666935                     /lib/x86_64-linux-gnu/libnss_files-2.15.so
7fe05fdf3000-7fe05fdf4000 rw-p 0000c000 08:05 666935                     /lib/x86_64-linux-gnu/libnss_files-2.15.so
7fe05fdf4000-7fe05fdfe000 r-xp 00000000 08:05 666931                     /lib/x86_64-linux-gnu/libnss_nis-2.15.so
7fe05fdfe000-7fe05fffe000 ---p 0000a000 08:05 666931                     /lib/x86_64-linux-gnu/libnss_nis-2.15.so
7fe05fffe000-7fe05ffff000 r--p 0000a000 08:05 666931                     /lib/x86_64-linux-gnu/libnss_nis-2.15.so
7fe05ffff000-7fe060000000 rw-p 0000b000 08:05 666931                     /lib/x86_64-linux-gnu/libnss_nis-2.15.so
7fe060000000-7fe060057000 rw-p 00000000 00:00 0 
7fe060057000-7fe064000000 ---p 00000000 00:00 0 
7fe064027000-7fe06403b000 rw-p 00000000 00:00 0 
7fe06403b000-7fe06415c000 rw-p 00000000 00:00 0 
7fe06415c000-7fe064173000 r-xp 00000000 08:05 666944                     /lib/x86_64-linux-gnu/libnsl-2.15.so
7fe064173000-7fe064372000 ---p 00017000 08:05 666944                     /lib/x86_64-linux-gnu/libnsl-2.15.so
7fe064372000-7fe064373000 r--p 00016000 08:05 666944                     /lib/x86_64-linux-gnu/libnsl-2.15.so
7fe064373000-7fe064374000 rw-p 00017000 08:05 666944                     /lib/x86_64-linux-gnu/libnsl-2.15.so
7fe064374000-7fe064376000 rw-p 00000000 00:00 0 
7fe064376000-7fe06437e000 r-xp 00000000 08:05 666936                     /lib/x86_64-linux-gnu/libnss_compat-2.15.so
7fe06437e000-7fe06457d000 ---p 00008000 08:05 666936                     /lib/x86_64-linux-gnu/libnss_compat-2.15.so
7fe06457d000-7fe06457e000 r--p 00007000 08:05 666936                     /lib/x86_64-linux-gnu/libnss_compat-2.15.so
7fe06457e000-7fe06457f000 rw-p 00008000 08:05 666936                     /lib/x86_64-linux-gnu/libnss_compat-2.15.so
7fe06457f000-7fe0645a8000 r-xp 00000000 08:05 1706630                    /usr/lib/jvm/java-7-openjdk-amd64/jre/lib/amd64/libjava.so
7fe0645a8000-7fe0647a7000 ---p 00029000 08:05 1706630                    /usr/lib/jvm/java-7-openjdk-amd64/jre/lib/amd64/libjava.so
7fe0647a7000-7fe0647a8000 r--p 00028000 08:05 1706630                    /usr/lib/jvm/java-7-openjdk-amd64/jre/lib/amd64/libjava.so
7fe0647a8000-7fe0647aa000 rw-p 00029000 08:05 1706630                    /usr/lib/jvm/java-7-openjdk-amd64/jre/lib/amd64/libjava.so
7fe0647aa000-7fe0647b8000 r-xp 00000000 08:05 1707769                    /usr/lib/jvm/java-7-openjdk-amd64/jre/lib/amd64/libverify.so
7fe0647b8000-7fe0649b7000 ---p 0000e000 08:05 1707769                    /usr/lib/jvm/java-7-openjdk-amd64/jre/lib/amd64/libverify.so
7fe0649b7000-7fe0649b9000 r--p 0000d000 08:05 1707769                    /usr/lib/jvm/java-7-openjdk-amd64/jre/lib/amd64/libverify.so
7fe0649b9000-7fe0649ba000 rw-p 0000f000 08:05 1707769                    /usr/lib/jvm/java-7-openjdk-amd64/jre/lib/amd64/libverify.so
7fe0649ba000-7fe0649c1000 r-xp 00000000 08:05 666929                     /lib/x86_64-linux-gnu/librt-2.15.so
7fe0649c1000-7fe064bc0000 ---p 00007000 08:05 666929                     /lib/x86_64-linux-gnu/librt-2.15.so
7fe064bc0000-7fe064bc1000 r--p 00006000 08:05 666929                     /lib/x86_64-linux-gnu/librt-2.15.so
7fe064bc1000-7fe064bc2000 rw-p 00007000 08:05 666929                     /lib/x86_64-linux-gnu/librt-2.15.so
7fe064bc2000-7fe064bd7000 r-xp 00000000 08:05 659079                     /lib/x86_64-linux-gnu/libgcc_s.so.1
7fe064bd7000-7fe064dd6000 ---p 00015000 08:05 659079                     /lib/x86_64-linux-gnu/libgcc_s.so.1
7fe064dd6000-7fe064dd7000 r--p 00014000 08:05 659079                     /lib/x86_64-linux-gnu/libgcc_s.so.1
7fe064dd7000-7fe064dd8000 rw-p 00015000 08:05 659079                     /lib/x86_64-linux-gnu/libgcc_s.so.1
7fe064dd8000-7fe064ed3000 r-xp 00000000 08:05 666933                     /lib/x86_64-linux-gnu/libm-2.15.so
7fe064ed3000-7fe0650d2000 ---p 000fb000 08:05 666933                     /lib/x86_64-linux-gnu/libm-2.15.so
7fe0650d2000-7fe0650d3000 r--p 000fa000 08:05 666933                     /lib/x86_64-linux-gnu/libm-2.15.so
7fe0650d3000-7fe0650d4000 rw-p 000fb000 08:05 666933                     /lib/x86_64-linux-gnu/libm-2.15.so
7fe0650d4000-7fe0651b6000 r-xp 00000000 08:05 1056475                    /usr/lib/x86_64-linux-gnu/libstdc++.so.6.0.16
7fe0651b6000-7fe0653b5000 ---p 000e2000 08:05 1056475                    /usr/lib/x86_64-linux-gnu/libstdc++.so.6.0.16
7fe0653b5000-7fe0653bd000 r--p 000e1000 08:05 1056475                    /usr/lib/x86_64-linux-gnu/libstdc++.so.6.0.16
7fe0653bd000-7fe0653bf000 rw-p 000e9000 08:05 1056475                    /usr/lib/x86_64-linux-gnu/libstdc++.so.6.0.16
7fe0653bf000-7fe0653d4000 rw-p 00000000 00:00 0 
7fe0653d4000-7fe065dae000 r-xp 00000000 08:05 1707753                    /usr/lib/jvm/java-7-openjdk-amd64/jre/lib/amd64/server/libjvm.so
7fe065dae000-7fe065fad000 ---p 009da000 08:05 1707753                    /usr/lib/jvm/java-7-openjdk-amd64/jre/lib/amd64/server/libjvm.so
7fe065fad000-7fe06602c000 r--p 009d9000 08:05 1707753                    /usr/lib/jvm/java-7-openjdk-amd64/jre/lib/amd64/server/libjvm.so
7fe06602c000-7fe06604f000 rw-p 00a58000 08:05 1707753                    /usr/lib/jvm/java-7-openjdk-amd64/jre/lib/amd64/server/libjvm.so
7fe06604f000-7fe066079000 rw-p 00000000 00:00 0 
7fe066079000-7fe06608f000 r-xp 00000000 08:05 659169                     /lib/x86_64-linux-gnu/libz.so.1.2.3.4
7fe06608f000-7fe06628e000 ---p 00016000 08:05 659169                     /lib/x86_64-linux-gnu/libz.so.1.2.3.4
7fe06628e000-7fe06628f000 r--p 00015000 08:05 659169                     /lib/x86_64-linux-gnu/libz.so.1.2.3.4
7fe06628f000-7fe066290000 rw-p 00016000 08:05 659169                     /lib/x86_64-linux-gnu/libz.so.1.2.3.4
7fe066290000-7fe0662a8000 r-xp 00000000 08:05 666927                     /lib/x86_64-linux-gnu/libpthread-2.15.so
7fe0662a8000-7fe0664a7000 ---p 00018000 08:05 666927                     /lib/x86_64-linux-gnu/libpthread-2.15.so
7fe0664a7000-7fe0664a8000 r--p 00017000 08:05 666927                     /lib/x86_64-linux-gnu/libpthread-2.15.so
7fe0664a8000-7fe0664a9000 rw-p 00018000 08:05 666927                     /lib/x86_64-linux-gnu/libpthread-2.15.so
7fe0664a9000-7fe0664ad000 rw-p 00000000 00:00 0 
7fe0664ad000-7fe0664af000 r-xp 00000000 08:05 666924                     /lib/x86_64-linux-gnu/libdl-2.15.so
7fe0664af000-7fe0666af000 ---p 00002000 08:05 666924                     /lib/x86_64-linux-gnu/libdl-2.15.so
7fe0666af000-7fe0666b0000 r--p 00002000 08:05 666924                     /lib/x86_64-linux-gnu/libdl-2.15.so
7fe0666b0000-7fe0666b1000 rw-p 00003000 08:05 666924                     /lib/x86_64-linux-gnu/libdl-2.15.so
7fe0666b1000-7fe066866000 r-xp 00000000 08:05 666925                     /lib/x86_64-linux-gnu/libc-2.15.so
7fe066866000-7fe066a65000 ---p 001b5000 08:05 666925                     /lib/x86_64-linux-gnu/libc-2.15.so
7fe066a65000-7fe066a69000 r--p 001b4000 08:05 666925                     /lib/x86_64-linux-gnu/libc-2.15.so
7fe066a69000-7fe066a6b000 rw-p 001b8000 08:05 666925                     /lib/x86_64-linux-gnu/libc-2.15.so
7fe066a6b000-7fe066a70000 rw-p 00000000 00:00 0 
7fe066a70000-7fe066a7d000 r-xp 00000000 08:05 1707773                    /usr/lib/jvm/java-7-openjdk-amd64/jre/lib/amd64/jli/libjli.so
7fe066a7d000-7fe066c7c000 ---p 0000d000 08:05 1707773                    /usr/lib/jvm/java-7-openjdk-amd64/jre/lib/amd64/jli/libjli.so
7fe066c7c000-7fe066c7d000 r--p 0000c000 08:05 1707773                    /usr/lib/jvm/java-7-openjdk-amd64/jre/lib/amd64/jli/libjli.so
7fe066c7d000-7fe066c7e000 rw-p 0000d000 08:05 1707773                    /usr/lib/jvm/java-7-openjdk-amd64/jre/lib/amd64/jli/libjli.so
7fe066c7e000-7fe066ca0000 r-xp 00000000 08:05 666939                     /lib/x86_64-linux-gnu/ld-2.15.so
7fe066cb9000-7fe066cc3000 rw-p 00000000 00:00 0 
7fe066cc3000-7fe066d79000 rw-p 00000000 00:00 0 
7fe066d79000-7fe066d7c000 ---p 00000000 00:00 0 
7fe066d7c000-7fe066e7f000 rw-p 00000000 00:00 0 
7fe066e94000-7fe066e9c000 rw-s 00000000 08:05 2629342                    /tmp/hsperfdata_dori/12973
7fe066e9c000-7fe066e9d000 rw-p 00000000 00:00 0 
7fe066e9d000-7fe066e9e000 r--p 00000000 00:00 0 
7fe066e9e000-7fe066ea0000 rw-p 00000000 00:00 0 
7fe066ea0000-7fe066ea1000 r--p 00022000 08:05 666939                     /lib/x86_64-linux-gnu/ld-2.15.so
7fe066ea1000-7fe066ea3000 rw-p 00023000 08:05 666939                     /lib/x86_64-linux-gnu/ld-2.15.so
7fffb29f0000-7fffb2a11000 rw-p 00000000 00:00 0                          [stack]
7fffb2ab3000-7fffb2ab4000 r-xp 00000000 00:00 0                          [vdso]
ffffffffff600000-ffffffffff601000 r-xp 00000000 00:00 0                  [vsyscall]

VM Arguments:
jvm_args: -Dfile.encoding=UTF-8 -Xbootclasspath:/home/dori/eclipse/android-sdk-linux/platforms/android-10/android.jar 
java_command: gamer.quarto.ClientTest
Launcher Type: SUN_STANDARD

Environment Variables:
PATH=/usr/lib/lightdm/lightdm:/usr/local/sbin:/usr/local/bin:/usr/sbin:/usr/bin:/sbin:/bin:/usr/games
SHELL=/bin/bash
DISPLAY=:0.0

Signal Handlers:
SIGSEGV: [libjvm.so+0x83e8f0], sa_mask[0]=0x7ffbfeff, sa_flags=0x10000004
SIGBUS: [libjvm.so+0x83e8f0], sa_mask[0]=0x7ffbfeff, sa_flags=0x10000004
SIGFPE: [libjvm.so+0x6df160], sa_mask[0]=0x7ffbfeff, sa_flags=0x10000004
SIGPIPE: [libjvm.so+0x6df160], sa_mask[0]=0x7ffbfeff, sa_flags=0x10000004
SIGXFSZ: [libjvm.so+0x6df160], sa_mask[0]=0x7ffbfeff, sa_flags=0x10000004
SIGILL: [libjvm.so+0x6df160], sa_mask[0]=0x7ffbfeff, sa_flags=0x10000004
SIGUSR1: SIG_DFL, sa_mask[0]=0x00000000, sa_flags=0x00000000
SIGUSR2: [libjvm.so+0x6df5a0], sa_mask[0]=0x00000004, sa_flags=0x10000004
SIGHUP: SIG_DFL, sa_mask[0]=0x00000000, sa_flags=0x00000000
SIGINT: SIG_DFL, sa_mask[0]=0x00000000, sa_flags=0x00000000
SIGTERM: SIG_DFL, sa_mask[0]=0x00000000, sa_flags=0x00000000
SIGQUIT: SIG_DFL, sa_mask[0]=0x00000000, sa_flags=0x00000000


---------------  S Y S T E M  ---------------

OS:Ubuntu 12.04 (precise)
uname:Linux 3.2.0-40-generic #64-Ubuntu SMP Mon Mar 25 21:22:10 UTC 2013 x86_64
libc:glibc 2.15 NPTL 2.15 
rlimit: STACK 8192k, CORE 0k, NPROC 28934, NOFILE 4096, AS infinity
load average:0.57 0.65 0.82

/proc/meminfo:
MemTotal:        3787236 kB
MemFree:          412312 kB
Buffers:          194664 kB
Cached:           601568 kB
SwapCached:            0 kB
Active:          1555020 kB
Inactive:         438492 kB
Active(anon):    1198636 kB
Inactive(anon):     1856 kB
Active(file):     356384 kB
Inactive(file):   436636 kB
Unevictable:          36 kB
Mlocked:              36 kB
SwapTotal:             0 kB
SwapFree:              0 kB
Dirty:                44 kB
Writeback:             0 kB
AnonPages:       1197748 kB
Mapped:           109592 kB
Shmem:              2944 kB
Slab:             146252 kB
SReclaimable:     116596 kB
SUnreclaim:        29656 kB
KernelStack:        3920 kB
PageTables:        32880 kB
NFS_Unstable:          0 kB
Bounce:                0 kB
WritebackTmp:          0 kB
CommitLimit:     1893616 kB
Committed_AS:    3939480 kB
VmallocTotal:   34359738367 kB
VmallocUsed:       55752 kB
VmallocChunk:   34359679868 kB
HardwareCorrupted:     0 kB
AnonHugePages:         0 kB
HugePages_Total:       0
HugePages_Free:        0
HugePages_Rsvd:        0
HugePages_Surp:        0
Hugepagesize:       2048 kB
DirectMap4k:     2397184 kB
DirectMap2M:     1533952 kB
DirectMap1G:           0 kB


CPU:total 2 (2 cores per cpu, 1 threads per core) family 16 model 6 stepping 3, cmov, cx8, fxsr, mmx, sse, sse2, sse3, popcnt, mmxext, 3dnowpref, lzcnt, tsc, tscinvbit, tscinv

/proc/cpuinfo:
processor	: 0
vendor_id	: AuthenticAMD
cpu family	: 16
model		: 6
model name	: AMD Athlon(tm) II P340 Dual-Core Processor
stepping	: 3
microcode	: 0x10000c8
cpu MHz		: 2200.000
cache size	: 512 KB
physical id	: 0
siblings	: 2
core id		: 0
cpu cores	: 2
apicid		: 0
initial apicid	: 0
fpu		: yes
fpu_exception	: yes
cpuid level	: 5
wp		: yes
flags		: fpu vme de pse tsc msr pae mce cx8 apic sep mtrr pge mca cmov pat pse36 clflush mmx fxsr sse sse2 ht syscall nx mmxext fxsr_opt pdpe1gb rdtscp lm 3dnowext 3dnow constant_tsc rep_good nopl nonstop_tsc extd_apicid pni monitor cx16 popcnt lahf_lm cmp_legacy svm extapic cr8_legacy abm sse4a 3dnowprefetch osvw ibs skinit wdt nodeid_msr npt lbrv svm_lock nrip_save
bogomips	: 4389.14
TLB size	: 1024 4K pages
clflush size	: 64
cache_alignment	: 64
address sizes	: 48 bits physical, 48 bits virtual
power management: ts ttp tm stc 100mhzsteps hwpstate

processor	: 1
vendor_id	: AuthenticAMD
cpu family	: 16
model		: 6
model name	: AMD Athlon(tm) II P340 Dual-Core Processor
stepping	: 3
microcode	: 0x10000c8
cpu MHz		: 2200.000
cache size	: 512 KB
physical id	: 0
siblings	: 2
core id		: 1
cpu cores	: 2
apicid		: 1
initial apicid	: 1
fpu		: yes
fpu_exception	: yes
cpuid level	: 5
wp		: yes
flags		: fpu vme de pse tsc msr pae mce cx8 apic sep mtrr pge mca cmov pat pse36 clflush mmx fxsr sse sse2 ht syscall nx mmxext fxsr_opt pdpe1gb rdtscp lm 3dnowext 3dnow constant_tsc rep_good nopl nonstop_tsc extd_apicid pni monitor cx16 popcnt lahf_lm cmp_legacy svm extapic cr8_legacy abm sse4a 3dnowprefetch osvw ibs skinit wdt nodeid_msr npt lbrv svm_lock nrip_save
bogomips	: 4389.04
TLB size	: 1024 4K pages
clflush size	: 64
cache_alignment	: 64
address sizes	: 48 bits physical, 48 bits virtual
power management: ts ttp tm stc 100mhzsteps hwpstate



Memory: 4k page, physical 3787236k(412312k free), swap 0k(0k free)

vm_info: OpenJDK 64-Bit Server VM (23.7-b01) for linux-amd64 JRE (1.7.0_21-b02), built on Apr 23 2013 13:56:55 by "buildd" with gcc 4.6.3

time: Tue May  7 19:53:41 2013
elapsed time: 0 seconds

